<?xml version="1.0" encoding="UTF-8"?>
<testng-results ignored="0" total="2" passed="2" failed="0" skipped="0">
  <reporter-output>
  </reporter-output>
  <suite started-at="2026-03-01T18:40:43 CST" name="Default suite" finished-at="2026-03-01T18:41:00 CST" duration-ms="17171">
    <groups>
    </groups>
    <test started-at="2026-03-01T18:40:43 CST" name="Default test" finished-at="2026-03-01T18:41:00 CST" duration-ms="17171">
      <class name="tests.SauceDemoLoginTest">
        <test-method is-config="true" signature="setup()[pri:0, instance:tests.SauceDemoLoginTest@1bd4fdd]" started-at="2026-03-01T18:40:43 CST" name="setup" finished-at="2026-03-01T18:40:48 CST" duration-ms="4886" status="PASS">
          <reporter-output>
          </reporter-output>
        </test-method> <!-- setup -->
        <test-method is-config="true" signature="initPage()[pri:0, instance:tests.SauceDemoLoginTest@1bd4fdd]" started-at="2026-03-01T18:40:48 CST" name="initPage" finished-at="2026-03-01T18:40:48 CST" duration-ms="8" status="PASS">
          <reporter-output>
          </reporter-output>
        </test-method> <!-- initPage -->
        <test-method signature="testLoginWithInvalidCredentials()[pri:0, instance:tests.SauceDemoLoginTest@1bd4fdd]" started-at="2026-03-01T18:40:48 CST" name="testLoginWithInvalidCredentials" finished-at="2026-03-01T18:40:54 CST" duration-ms="5886" status="PASS">
          <reporter-output>
          </reporter-output>
        </test-method> <!-- testLoginWithInvalidCredentials -->
        <test-method signature="testSuccessfulLogin()[pri:0, instance:tests.SauceDemoLoginTest@1bd4fdd]" started-at="2026-03-01T18:40:54 CST" name="testSuccessfulLogin" finished-at="2026-03-01T18:41:00 CST" duration-ms="5797" status="PASS">
          <reporter-output>
          </reporter-output>
        </test-method> <!-- testSuccessfulLogin -->
        <test-method is-config="true" signature="initPage()[pri:0, instance:tests.SauceDemoLoginTest@1bd4fdd]" started-at="2026-03-01T18:40:54 CST" name="initPage" finished-at="2026-03-01T18:40:54 CST" duration-ms="0" status="PASS">
          <reporter-output>
          </reporter-output>
        </test-method> <!-- initPage -->
        <test-method is-config="true" signature="tearDown()[pri:0, instance:tests.SauceDemoLoginTest@1bd4fdd]" started-at="2026-03-01T18:41:00 CST" name="tearDown" finished-at="2026-03-01T18:41:00 CST" duration-ms="567" status="PASS">
          <reporter-output>
          </reporter-output>
        </test-method> <!-- tearDown -->
      </class> <!-- tests.SauceDemoLoginTest -->
    </test> <!-- Default test -->
  </suite> <!-- Default suite -->
</testng-results>
