<?xml version="1.0" encoding="UTF-8"?>
<!-- Generated by org.testng.reporters.JUnitXMLReporter -->
<testsuite ignored="0" hostname="DESKTOP-THF973U" failures="0" tests="2" name="Default test" time="24.636" errors="0" timestamp="2026-03-05T11:23:53 CST">
  <testcase classname="com.appium.demo.tests.SauceDemoLoginTest" name="testLoginWithInvalidCredentials" time="7.194"/>
  <testcase classname="com.appium.demo.tests.SauceDemoLoginTest" name="testSuccessfulLogin" time="7.348"/>
</testsuite> <!-- Default test -->
