<?xml version="1.0" encoding="UTF-8"?>
<!-- Generated by org.testng.reporters.JUnitXMLReporter -->
<testsuite ignored="0" hostname="DESKTOP-THF973U" failures="0" tests="2" name="Default test" time="9.065" errors="0" timestamp="2026-03-05T19:05:54 CST">
  <testcase classname="com.appium.demo.tests.SauceDemoLoginTest" name="testLoginWithInvalidCredentials" time="2.037"/>
  <testcase classname="com.appium.demo.tests.SauceDemoLoginTest" name="testSuccessfulLogin" time="1.238"/>
</testsuite> <!-- Default test -->
