<?xml version="1.0" encoding="UTF-8"?>
<!-- Generated by org.testng.reporters.JUnitReportReporter -->
<testsuite hostname="DESKTOP-THF973U" failures="0" tests="2" name="tests.SauceDemoLoginTest" time="11.691" errors="0" timestamp="2026-03-01T18:41:00 CST" skipped="0">
  <testcase classname="tests.SauceDemoLoginTest" name="testSuccessfulLogin" time="5.805"/>
  <testcase classname="tests.SauceDemoLoginTest" name="testLoginWithInvalidCredentials" time="5.886"/>
</testsuite> <!-- tests.SauceDemoLoginTest -->
