<?xml version="1.0" encoding="UTF-8"?>
<!-- Generated by org.testng.reporters.JUnitReportReporter -->
<testsuite hostname="DESKTOP-THF973U" failures="0" tests="2" name="com.appium.demo.runners.TestRunner" time="23.560" errors="0" timestamp="2026-03-05T16:53:33 CST" skipped="0">
  <testcase classname="com.appium.demo.runners.TestRunner" name="runScenario" time="11.057"/>
  <testcase classname="com.appium.demo.runners.TestRunner" name="runScenario" time="12.503"/>
</testsuite> <!-- com.appium.demo.runners.TestRunner -->
