<?xml version="1.0" encoding="UTF-8"?>
<!-- Generated by org.testng.reporters.JUnitReportReporter -->
<testsuite hostname="DESKTOP-THF973U" failures="0" tests="4" name="com.appium.demo.runners.TestRunner" time="24.614" errors="2" timestamp="2026-03-07T17:18:58 CST" skipped="0">
  <testcase classname="com.appium.demo.runners.TestRunner" name="runScenario" time="8.302"/>
  <testcase classname="com.appium.demo.runners.TestRunner" name="runScenario" time="3.507">
    <error message="Error attempting to start URI. Original error: Error: Error executing adbExec. Original error: &#039;Command &#039;&#039;C:\Users\lucid\AppData\Local\Android\Sdk\platform-tools\adb.exe&#039; -P 5037 -s RFCX60NJVSF shell am start -W -a android.intent.action.VIEW -d https\://www.saucedemo.com com.swaglabsmobileapp&#039; exited with code 1&#039;; Command output: Starting: Intent { act=android.intent.action.VIEW dat=https://www.saucedemo.com/... pkg=com.swaglabsmobileapp }
Error: Activity not started, unable to resolve Intent { act=android.intent.action.VIEW dat=https://www.saucedemo.com/... flg=0x10000000 xflg=0x4 pkg=com.swaglabsmobileapp }

Build info: version: &#039;4.25.0&#039;, revision: &#039;8a8aea2337&#039;
System info: os.name: &#039;Windows 10&#039;, os.arch: &#039;amd64&#039;, os.version: &#039;10.0&#039;, java.version: &#039;21.0.8&#039;
Driver info: io.appium.java_client.android.AndroidDriver
Command: [2e18cd2b-8142-44af-921f-e0006963feba, get {url=https://www.saucedemo.com}]
Capabilities {appium:app: C:\Users\lucid\git\reposito..., appium:appActivity: com.swaglabsmobileapp.MainA..., appium:appPackage: com.swaglabsmobileapp, appium:automationName: UIAutomator2, appium:databaseEnabled: false, appium:desired: {app: C:\Users\lucid\git\reposito..., appActivity: com.swaglabsmobileapp.MainA..., appPackage: com.swaglabsmobileapp, automationName: UIAutomator2, deviceName: SM-F956U, newCommandTimeout: 60, platformName: ANDROID, udid: RFCX60NJVSF}, appium:deviceApiLevel: 36, appium:deviceManufacturer: samsung, appium:deviceModel: SM-F956U, appium:deviceName: RFCX60NJVSF, appium:deviceScreenDensity: 540, appium:deviceScreenSize: 1856x2160, appium:deviceUDID: RFCX60NJVSF, appium:javascriptEnabled: true, appium:locationContextEnabled: false, appium:networkConnectionEnabled: true, appium:newCommandTimeout: 60, appium:pixelRatio: 3.375, appium:platformVersion: 16, appium:statBarHeight: 94, appium:takesScreenshot: true, appium:udid: RFCX60NJVSF, appium:viewportRect: {height: 2066, left: 0, top: 94, width: 1856}, appium:warnings: {}, appium:webStorageEnabled: false, platformName: ANDROID}
Session ID: 2e18cd2b-8142-44af-921f-e0006963feba" type="org.openqa.selenium.WebDriverException">
      <![CDATA[org.openqa.selenium.WebDriverException: Error attempting to start URI. Original error: Error: Error executing adbExec. Original error: 'Command ''C:\Users\lucid\AppData\Local\Android\Sdk\platform-tools\adb.exe' -P 5037 -s RFCX60NJVSF shell am start -W -a android.intent.action.VIEW -d https\://www.saucedemo.com com.swaglabsmobileapp' exited with code 1'; Command output: Starting: Intent { act=android.intent.action.VIEW dat=https://www.saucedemo.com/... pkg=com.swaglabsmobileapp }
Error: Activity not started, unable to resolve Intent { act=android.intent.action.VIEW dat=https://www.saucedemo.com/... flg=0x10000000 xflg=0x4 pkg=com.swaglabsmobileapp }

Build info: version: '4.25.0', revision: '8a8aea2337'
System info: os.name: 'Windows 10', os.arch: 'amd64', os.version: '10.0', java.version: '21.0.8'
Driver info: io.appium.java_client.android.AndroidDriver
Command: [2e18cd2b-8142-44af-921f-e0006963feba, get {url=https://www.saucedemo.com}]
Capabilities {appium:app: C:\Users\lucid\git\reposito..., appium:appActivity: com.swaglabsmobileapp.MainA..., appium:appPackage: com.swaglabsmobileapp, appium:automationName: UIAutomator2, appium:databaseEnabled: false, appium:desired: {app: C:\Users\lucid\git\reposito..., appActivity: com.swaglabsmobileapp.MainA..., appPackage: com.swaglabsmobileapp, automationName: UIAutomator2, deviceName: SM-F956U, newCommandTimeout: 60, platformName: ANDROID, udid: RFCX60NJVSF}, appium:deviceApiLevel: 36, appium:deviceManufacturer: samsung, appium:deviceModel: SM-F956U, appium:deviceName: RFCX60NJVSF, appium:deviceScreenDensity: 540, appium:deviceScreenSize: 1856x2160, appium:deviceUDID: RFCX60NJVSF, appium:javascriptEnabled: true, appium:locationContextEnabled: false, appium:networkConnectionEnabled: true, appium:newCommandTimeout: 60, appium:pixelRatio: 3.375, appium:platformVersion: 16, appium:statBarHeight: 94, appium:takesScreenshot: true, appium:udid: RFCX60NJVSF, appium:viewportRect: {height: 2066, left: 0, top: 94, width: 1856}, appium:warnings: {}, appium:webStorageEnabled: false, platformName: ANDROID}
Session ID: 2e18cd2b-8142-44af-921f-e0006963feba
at java.base/jdk.internal.reflect.DirectConstructorHandleAccessor.newInstance(DirectConstructorHandleAccessor.java:62)
at java.base/java.lang.reflect.Constructor.newInstanceWithCaller(Constructor.java:502)
at java.base/java.lang.reflect.Constructor.newInstance(Constructor.java:486)
at org.openqa.selenium.remote.ErrorCodec.decode(ErrorCodec.java:167)
at org.openqa.selenium.remote.codec.w3c.W3CHttpResponseCodec.decode(W3CHttpResponseCodec.java:138)
at org.openqa.selenium.remote.codec.w3c.W3CHttpResponseCodec.decode(W3CHttpResponseCodec.java:50)
at org.openqa.selenium.remote.HttpCommandExecutor.execute(HttpCommandExecutor.java:190)
at io.appium.java_client.remote.AppiumCommandExecutor.execute(AppiumCommandExecutor.java:237)
at org.openqa.selenium.remote.RemoteWebDriver.execute(RemoteWebDriver.java:545)
at org.openqa.selenium.remote.RemoteWebDriver.get(RemoteWebDriver.java:313)
at com.appium.demo.pages.SauceDemoLoginPage.navigateTo(SauceDemoLoginPage.java:28)
at com.appium.demo.stepdefinitions.LoginSteps.i_am_on_the_sauce_demo_login_page(LoginSteps.java:24)
at ✽.I am on the Sauce Demo login page(file:///C:/Users/lucid/git/repository/AppiumDemoProject2/src/test/resources/features/login.feature:12)
]]>
    </error>
  </testcase> <!-- runScenario -->
  <testcase classname="com.appium.demo.runners.TestRunner" name="runScenario" time="3.425">
    <error message="Error attempting to start URI. Original error: Error: Error executing adbExec. Original error: &#039;Command &#039;&#039;C:\Users\lucid\AppData\Local\Android\Sdk\platform-tools\adb.exe&#039; -P 5037 -s RFCX60NJVSF shell am start -W -a android.intent.action.VIEW -d https\://www.saucedemo.com com.swaglabsmobileapp&#039; exited with code 1&#039;; Command output: Starting: Intent { act=android.intent.action.VIEW dat=https://www.saucedemo.com/... pkg=com.swaglabsmobileapp }
Error: Activity not started, unable to resolve Intent { act=android.intent.action.VIEW dat=https://www.saucedemo.com/... flg=0x10000000 xflg=0x4 pkg=com.swaglabsmobileapp }

Build info: version: &#039;4.25.0&#039;, revision: &#039;8a8aea2337&#039;
System info: os.name: &#039;Windows 10&#039;, os.arch: &#039;amd64&#039;, os.version: &#039;10.0&#039;, java.version: &#039;21.0.8&#039;
Driver info: io.appium.java_client.android.AndroidDriver
Command: [e4a07431-814d-44a6-80be-bcdeb5444769, get {url=https://www.saucedemo.com}]
Capabilities {appium:app: C:\Users\lucid\git\reposito..., appium:appActivity: com.swaglabsmobileapp.MainA..., appium:appPackage: com.swaglabsmobileapp, appium:automationName: UIAutomator2, appium:databaseEnabled: false, appium:desired: {app: C:\Users\lucid\git\reposito..., appActivity: com.swaglabsmobileapp.MainA..., appPackage: com.swaglabsmobileapp, automationName: UIAutomator2, deviceName: SM-F956U, newCommandTimeout: 60, platformName: ANDROID, udid: RFCX60NJVSF}, appium:deviceApiLevel: 36, appium:deviceManufacturer: samsung, appium:deviceModel: SM-F956U, appium:deviceName: RFCX60NJVSF, appium:deviceScreenDensity: 540, appium:deviceScreenSize: 1856x2160, appium:deviceUDID: RFCX60NJVSF, appium:javascriptEnabled: true, appium:locationContextEnabled: false, appium:networkConnectionEnabled: true, appium:newCommandTimeout: 60, appium:pixelRatio: 3.375, appium:platformVersion: 16, appium:statBarHeight: 94, appium:takesScreenshot: true, appium:udid: RFCX60NJVSF, appium:viewportRect: {height: 2066, left: 0, top: 94, width: 1856}, appium:warnings: {}, appium:webStorageEnabled: false, platformName: ANDROID}
Session ID: e4a07431-814d-44a6-80be-bcdeb5444769" type="org.openqa.selenium.WebDriverException">
      <![CDATA[org.openqa.selenium.WebDriverException: Error attempting to start URI. Original error: Error: Error executing adbExec. Original error: 'Command ''C:\Users\lucid\AppData\Local\Android\Sdk\platform-tools\adb.exe' -P 5037 -s RFCX60NJVSF shell am start -W -a android.intent.action.VIEW -d https\://www.saucedemo.com com.swaglabsmobileapp' exited with code 1'; Command output: Starting: Intent { act=android.intent.action.VIEW dat=https://www.saucedemo.com/... pkg=com.swaglabsmobileapp }
Error: Activity not started, unable to resolve Intent { act=android.intent.action.VIEW dat=https://www.saucedemo.com/... flg=0x10000000 xflg=0x4 pkg=com.swaglabsmobileapp }

Build info: version: '4.25.0', revision: '8a8aea2337'
System info: os.name: 'Windows 10', os.arch: 'amd64', os.version: '10.0', java.version: '21.0.8'
Driver info: io.appium.java_client.android.AndroidDriver
Command: [e4a07431-814d-44a6-80be-bcdeb5444769, get {url=https://www.saucedemo.com}]
Capabilities {appium:app: C:\Users\lucid\git\reposito..., appium:appActivity: com.swaglabsmobileapp.MainA..., appium:appPackage: com.swaglabsmobileapp, appium:automationName: UIAutomator2, appium:databaseEnabled: false, appium:desired: {app: C:\Users\lucid\git\reposito..., appActivity: com.swaglabsmobileapp.MainA..., appPackage: com.swaglabsmobileapp, automationName: UIAutomator2, deviceName: SM-F956U, newCommandTimeout: 60, platformName: ANDROID, udid: RFCX60NJVSF}, appium:deviceApiLevel: 36, appium:deviceManufacturer: samsung, appium:deviceModel: SM-F956U, appium:deviceName: RFCX60NJVSF, appium:deviceScreenDensity: 540, appium:deviceScreenSize: 1856x2160, appium:deviceUDID: RFCX60NJVSF, appium:javascriptEnabled: true, appium:locationContextEnabled: false, appium:networkConnectionEnabled: true, appium:newCommandTimeout: 60, appium:pixelRatio: 3.375, appium:platformVersion: 16, appium:statBarHeight: 94, appium:takesScreenshot: true, appium:udid: RFCX60NJVSF, appium:viewportRect: {height: 2066, left: 0, top: 94, width: 1856}, appium:warnings: {}, appium:webStorageEnabled: false, platformName: ANDROID}
Session ID: e4a07431-814d-44a6-80be-bcdeb5444769
at java.base/jdk.internal.reflect.DirectConstructorHandleAccessor.newInstance(DirectConstructorHandleAccessor.java:62)
at java.base/java.lang.reflect.Constructor.newInstanceWithCaller(Constructor.java:502)
at java.base/java.lang.reflect.Constructor.newInstance(Constructor.java:486)
at org.openqa.selenium.remote.ErrorCodec.decode(ErrorCodec.java:167)
at org.openqa.selenium.remote.codec.w3c.W3CHttpResponseCodec.decode(W3CHttpResponseCodec.java:138)
at org.openqa.selenium.remote.codec.w3c.W3CHttpResponseCodec.decode(W3CHttpResponseCodec.java:50)
at org.openqa.selenium.remote.HttpCommandExecutor.execute(HttpCommandExecutor.java:190)
at io.appium.java_client.remote.AppiumCommandExecutor.execute(AppiumCommandExecutor.java:237)
at org.openqa.selenium.remote.RemoteWebDriver.execute(RemoteWebDriver.java:545)
at org.openqa.selenium.remote.RemoteWebDriver.get(RemoteWebDriver.java:313)
at com.appium.demo.pages.SauceDemoLoginPage.navigateTo(SauceDemoLoginPage.java:28)
at com.appium.demo.stepdefinitions.LoginSteps.i_am_on_the_sauce_demo_login_page(LoginSteps.java:24)
at ✽.I am on the Sauce Demo login page(file:///C:/Users/lucid/git/repository/AppiumDemoProject2/src/test/resources/features/login.feature:5)
]]>
    </error>
  </testcase> <!-- runScenario -->
  <testcase classname="com.appium.demo.runners.TestRunner" name="runScenario" time="9.380"/>
</testsuite> <!-- com.appium.demo.runners.TestRunner -->
