<?xml version="1.0" encoding="UTF-8"?>
<!-- Generated by org.testng.reporters.JUnitReportReporter -->
<testsuite hostname="DESKTOP-THF973U" failures="0" tests="2" name="com.appium.demo.tests.SauceDemoLoginTest" time="14.598" errors="0" timestamp="2026-03-05T11:23:54 CST" skipped="0">
  <testcase classname="com.appium.demo.tests.SauceDemoLoginTest" name="testLoginWithInvalidCredentials" time="7.248"/>
  <testcase classname="com.appium.demo.tests.SauceDemoLoginTest" name="testSuccessfulLogin" time="7.350"/>
</testsuite> <!-- com.appium.demo.tests.SauceDemoLoginTest -->
