<?xml version="1.0" encoding="UTF-8"?>
<!-- Generated by org.testng.reporters.JUnitReportReporter -->
<testsuite hostname="DESKTOP-THF973U" failures="0" tests="2" name="com.appium.demo.tests.SauceDemoLoginTest" time="3.440" errors="0" timestamp="2026-03-07T15:27:10 CST" skipped="0">
  <testcase classname="com.appium.demo.tests.SauceDemoLoginTest" name="testSuccessfulLogin" time="1.257"/>
  <testcase classname="com.appium.demo.tests.SauceDemoLoginTest" name="testLoginWithInvalidCredentials" time="2.183"/>
</testsuite> <!-- com.appium.demo.tests.SauceDemoLoginTest -->
